<?xml version="1.0" encoding="UTF-8"?>
<!-- Generated by org.testng.reporters.JUnitXMLReporter -->
<testsuite ignored="0" hostname="NeverSame" failures="0" tests="5" name="Default test" time="9.638" errors="0" timestamp="2024-05-02T22:34:42 IST">
  <testcase classname="com.pseudofunc.tests.FlightReservationTest" name="userRegistrationTest" time="1.492"/>
  <testcase classname="com.pseudofunc.tests.FlightReservationTest" name="registrationConfirmationTest" time="2.218"/>
  <testcase classname="com.pseudofunc.tests.FlightReservationTest" name="flightSearchTest" time="1.294"/>
  <testcase classname="com.pseudofunc.tests.FlightReservationTest" name="flightSelectionTest" time="0.732"/>
  <testcase classname="com.pseudofunc.tests.FlightReservationTest" name="flightReservationConfirmationTest" time="1.164"/>
</testsuite> <!-- Default test -->
