<?xml version="1.0" encoding="UTF-8"?>
<!-- Generated by org.testng.reporters.JUnitXMLReporter -->
<testsuite ignored="0" hostname="NeverSame" failures="0" tests="3" name="user-mike" time="5.514" errors="0" timestamp="2024-05-04T17:29:00 IST">
  <testcase classname="com.pseudofunc.tests.vendorportal.VendorPortalTest" name="loginTest" time="0.876"/>
  <testcase classname="com.pseudofunc.tests.vendorportal.VendorPortalTest" name="dashboardTest" time="2.742"/>
  <testcase classname="com.pseudofunc.tests.vendorportal.VendorPortalTest" name="logoutTest" time="0.856"/>
</testsuite> <!-- user-mike -->
