<?xml version="1.0" encoding="UTF-8"?>
<!-- Generated by org.testng.reporters.JUnitXMLReporter -->
<testsuite ignored="0" hostname="NeverSame" failures="0" tests="3" name="user-john" time="6.016" errors="0" timestamp="2024-05-04T17:29:06 IST">
  <testcase classname="com.pseudofunc.tests.vendorportal.VendorPortalTest" name="loginTest" time="1.01"/>
  <testcase classname="com.pseudofunc.tests.vendorportal.VendorPortalTest" name="dashboardTest" time="3.133"/>
  <testcase classname="com.pseudofunc.tests.vendorportal.VendorPortalTest" name="logoutTest" time="0.866"/>
</testsuite> <!-- user-john -->
