<?xml version="1.0" encoding="UTF-8"?>
<testng-results ignored="0" total="9" passed="9" failed="0" skipped="0">
  <reporter-output>
  </reporter-output>
  <suite started-at="2024-05-04T17:28:48 IST" name="vendor-portal" finished-at="2024-05-04T17:29:06 IST" duration-ms="17395">
    <groups>
    </groups>
    <test started-at="2024-05-04T17:28:48 IST" name="user-sam" finished-at="2024-05-04T17:28:54 IST" duration-ms="5845">
      <class name="com.pseudofunc.tests.vendorportal.VendorPortalTest">
        <test-method is-config="true" signature="setDriver()[pri:0, instance:com.pseudofunc.tests.vendorportal.VendorPortalTest@7fd7a283]" started-at="2024-05-04T17:28:48 IST" name="setDriver" finished-at="2024-05-04T17:28:50 IST" duration-ms="1761" status="PASS">
          <reporter-output>
          </reporter-output>
        </test-method> <!-- setDriver -->
        <test-method is-config="true" signature="setPages(java.lang.String)[pri:0, instance:com.pseudofunc.tests.vendorportal.VendorPortalTest@7fd7a283]" started-at="2024-05-04T17:28:50 IST" name="setPages" finished-at="2024-05-04T17:28:50 IST" depends-on-methods="com.pseudofunc.tests.AbstractTest.setDriver" duration-ms="275" status="PASS">
          <params>
            <param index="0">
              <value>
                <![CDATA[test-data/vendor-portal/sam.json]]>
              </value>
            </param>
          </params>
          <reporter-output>
          </reporter-output>
        </test-method> <!-- setPages -->
        <test-method signature="loginTest()[pri:0, instance:com.pseudofunc.tests.vendorportal.VendorPortalTest@7fd7a283]" started-at="2024-05-04T17:28:50 IST" name="loginTest" finished-at="2024-05-04T17:28:51 IST" duration-ms="971" status="PASS">
          <reporter-output>
          </reporter-output>
        </test-method> <!-- loginTest -->
        <test-method signature="dashboardTest()[pri:0, instance:com.pseudofunc.tests.vendorportal.VendorPortalTest@7fd7a283]" started-at="2024-05-04T17:28:51 IST" name="dashboardTest" finished-at="2024-05-04T17:28:53 IST" depends-on-methods="com.pseudofunc.tests.vendorportal.VendorPortalTest.loginTest" duration-ms="1624" status="PASS">
          <reporter-output>
          </reporter-output>
        </test-method> <!-- dashboardTest -->
        <test-method signature="logoutTest()[pri:0, instance:com.pseudofunc.tests.vendorportal.VendorPortalTest@7fd7a283]" started-at="2024-05-04T17:28:53 IST" name="logoutTest" finished-at="2024-05-04T17:28:54 IST" depends-on-methods="com.pseudofunc.tests.vendorportal.VendorPortalTest.dashboardTest" duration-ms="864" status="PASS">
          <reporter-output>
          </reporter-output>
        </test-method> <!-- logoutTest -->
        <test-method is-config="true" signature="quitDriver()[pri:0, instance:com.pseudofunc.tests.vendorportal.VendorPortalTest@7fd7a283]" started-at="2024-05-04T17:28:54 IST" name="quitDriver" finished-at="2024-05-04T17:28:54 IST" duration-ms="309" status="PASS">
          <reporter-output>
          </reporter-output>
        </test-method> <!-- quitDriver -->
      </class> <!-- com.pseudofunc.tests.vendorportal.VendorPortalTest -->
    </test> <!-- user-sam -->
    <test started-at="2024-05-04T17:28:54 IST" name="user-mike" finished-at="2024-05-04T17:29:00 IST" duration-ms="5514">
      <class name="com.pseudofunc.tests.vendorportal.VendorPortalTest">
        <test-method is-config="true" signature="setDriver()[pri:0, instance:com.pseudofunc.tests.vendorportal.VendorPortalTest@452e19ca]" started-at="2024-05-04T17:28:54 IST" name="setDriver" finished-at="2024-05-04T17:28:55 IST" duration-ms="701" status="PASS">
          <reporter-output>
          </reporter-output>
        </test-method> <!-- setDriver -->
        <test-method is-config="true" signature="setPages(java.lang.String)[pri:0, instance:com.pseudofunc.tests.vendorportal.VendorPortalTest@452e19ca]" started-at="2024-05-04T17:28:55 IST" name="setPages" finished-at="2024-05-04T17:28:55 IST" depends-on-methods="com.pseudofunc.tests.AbstractTest.setDriver" duration-ms="9" status="PASS">
          <params>
            <param index="0">
              <value>
                <![CDATA[test-data/vendor-portal/mike.json]]>
              </value>
            </param>
          </params>
          <reporter-output>
          </reporter-output>
        </test-method> <!-- setPages -->
        <test-method signature="loginTest()[pri:0, instance:com.pseudofunc.tests.vendorportal.VendorPortalTest@452e19ca]" started-at="2024-05-04T17:28:55 IST" name="loginTest" finished-at="2024-05-04T17:28:56 IST" duration-ms="876" status="PASS">
          <reporter-output>
          </reporter-output>
        </test-method> <!-- loginTest -->
        <test-method signature="dashboardTest()[pri:0, instance:com.pseudofunc.tests.vendorportal.VendorPortalTest@452e19ca]" started-at="2024-05-04T17:28:56 IST" name="dashboardTest" finished-at="2024-05-04T17:28:58 IST" depends-on-methods="com.pseudofunc.tests.vendorportal.VendorPortalTest.loginTest" duration-ms="2742" status="PASS">
          <reporter-output>
          </reporter-output>
        </test-method> <!-- dashboardTest -->
        <test-method signature="logoutTest()[pri:0, instance:com.pseudofunc.tests.vendorportal.VendorPortalTest@452e19ca]" started-at="2024-05-04T17:28:58 IST" name="logoutTest" finished-at="2024-05-04T17:28:59 IST" depends-on-methods="com.pseudofunc.tests.vendorportal.VendorPortalTest.dashboardTest" duration-ms="856" status="PASS">
          <reporter-output>
          </reporter-output>
        </test-method> <!-- logoutTest -->
        <test-method is-config="true" signature="quitDriver()[pri:0, instance:com.pseudofunc.tests.vendorportal.VendorPortalTest@452e19ca]" started-at="2024-05-04T17:28:59 IST" name="quitDriver" finished-at="2024-05-04T17:29:00 IST" duration-ms="322" status="PASS">
          <reporter-output>
          </reporter-output>
        </test-method> <!-- quitDriver -->
      </class> <!-- com.pseudofunc.tests.vendorportal.VendorPortalTest -->
    </test> <!-- user-mike -->
    <test started-at="2024-05-04T17:29:00 IST" name="user-john" finished-at="2024-05-04T17:29:06 IST" duration-ms="6016">
      <class name="com.pseudofunc.tests.vendorportal.VendorPortalTest">
        <test-method is-config="true" signature="setDriver()[pri:0, instance:com.pseudofunc.tests.vendorportal.VendorPortalTest@6f8e8894]" started-at="2024-05-04T17:29:00 IST" name="setDriver" finished-at="2024-05-04T17:29:00 IST" duration-ms="651" status="PASS">
          <reporter-output>
          </reporter-output>
        </test-method> <!-- setDriver -->
        <test-method is-config="true" signature="setPages(java.lang.String)[pri:0, instance:com.pseudofunc.tests.vendorportal.VendorPortalTest@6f8e8894]" started-at="2024-05-04T17:29:00 IST" name="setPages" finished-at="2024-05-04T17:29:00 IST" depends-on-methods="com.pseudofunc.tests.AbstractTest.setDriver" duration-ms="8" status="PASS">
          <params>
            <param index="0">
              <value>
                <![CDATA[test-data/vendor-portal/john.json]]>
              </value>
            </param>
          </params>
          <reporter-output>
          </reporter-output>
        </test-method> <!-- setPages -->
        <test-method signature="loginTest()[pri:0, instance:com.pseudofunc.tests.vendorportal.VendorPortalTest@6f8e8894]" started-at="2024-05-04T17:29:00 IST" name="loginTest" finished-at="2024-05-04T17:29:01 IST" duration-ms="1010" status="PASS">
          <reporter-output>
          </reporter-output>
        </test-method> <!-- loginTest -->
        <test-method signature="dashboardTest()[pri:0, instance:com.pseudofunc.tests.vendorportal.VendorPortalTest@6f8e8894]" started-at="2024-05-04T17:29:01 IST" name="dashboardTest" finished-at="2024-05-04T17:29:04 IST" depends-on-methods="com.pseudofunc.tests.vendorportal.VendorPortalTest.loginTest" duration-ms="3133" status="PASS">
          <reporter-output>
          </reporter-output>
        </test-method> <!-- dashboardTest -->
        <test-method signature="logoutTest()[pri:0, instance:com.pseudofunc.tests.vendorportal.VendorPortalTest@6f8e8894]" started-at="2024-05-04T17:29:04 IST" name="logoutTest" finished-at="2024-05-04T17:29:05 IST" depends-on-methods="com.pseudofunc.tests.vendorportal.VendorPortalTest.dashboardTest" duration-ms="866" status="PASS">
          <reporter-output>
          </reporter-output>
        </test-method> <!-- logoutTest -->
        <test-method is-config="true" signature="quitDriver()[pri:0, instance:com.pseudofunc.tests.vendorportal.VendorPortalTest@6f8e8894]" started-at="2024-05-04T17:29:05 IST" name="quitDriver" finished-at="2024-05-04T17:29:06 IST" duration-ms="339" status="PASS">
          <reporter-output>
          </reporter-output>
        </test-method> <!-- quitDriver -->
      </class> <!-- com.pseudofunc.tests.vendorportal.VendorPortalTest -->
    </test> <!-- user-john -->
  </suite> <!-- vendor-portal -->
</testng-results>
