<?xml version="1.0" encoding="UTF-8"?>
<!-- Generated by org.testng.reporters.JUnitXMLReporter -->
<testsuite ignored="0" hostname="NeverSame" failures="0" tests="5" name="passengers-count-3" time="8.814" errors="0" timestamp="2024-05-04T01:33:56 IST">
  <testcase classname="com.pseudofunc.tests.flightreservation.FlightReservationTest" name="userRegistrationTest" time="1.46"/>
  <testcase classname="com.pseudofunc.tests.flightreservation.FlightReservationTest" name="registrationConfirmationTest" time="2.234"/>
  <testcase classname="com.pseudofunc.tests.flightreservation.FlightReservationTest" name="flightSearchTest" time="1.272"/>
  <testcase classname="com.pseudofunc.tests.flightreservation.FlightReservationTest" name="flightSelectionTest" time="0.717"/>
  <testcase classname="com.pseudofunc.tests.flightreservation.FlightReservationTest" name="flightReservationConfirmationTest" time="2.204"/>
</testsuite> <!-- passengers-count-3 -->
