<?xml version="1.0" encoding="UTF-8"?>
<!-- Generated by org.testng.reporters.JUnitXMLReporter -->
<testsuite ignored="0" hostname="NeverSame" failures="0" tests="5" name="passengers-count-2" time="8.402" errors="0" timestamp="2024-05-04T01:33:47 IST">
  <testcase classname="com.pseudofunc.tests.flightreservation.FlightReservationTest" name="userRegistrationTest" time="1.533"/>
  <testcase classname="com.pseudofunc.tests.flightreservation.FlightReservationTest" name="registrationConfirmationTest" time="1.159"/>
  <testcase classname="com.pseudofunc.tests.flightreservation.FlightReservationTest" name="flightSearchTest" time="1.8"/>
  <testcase classname="com.pseudofunc.tests.flightreservation.FlightReservationTest" name="flightSelectionTest" time="1.787"/>
  <testcase classname="com.pseudofunc.tests.flightreservation.FlightReservationTest" name="flightReservationConfirmationTest" time="1.136"/>
</testsuite> <!-- passengers-count-2 -->
