<?xml version="1.0" encoding="UTF-8"?>
<!-- Generated by org.testng.reporters.JUnitXMLReporter -->
<testsuite ignored="0" hostname="NeverSame" failures="0" tests="5" name="price_verification_test" time="9.81" errors="0" timestamp="2024-05-03T13:37:13 IST">
  <testcase classname="com.pseudofunc.tests.FlightReservationTest" name="userRegistrationTest" time="1.294"/>
  <testcase classname="com.pseudofunc.tests.FlightReservationTest" name="registrationConfirmationTest" time="1.194"/>
  <testcase classname="com.pseudofunc.tests.FlightReservationTest" name="flightSearchTest" time="2.313"/>
  <testcase classname="com.pseudofunc.tests.FlightReservationTest" name="flightSelectionTest" time="1.265"/>
  <testcase classname="com.pseudofunc.tests.FlightReservationTest" name="flightReservationConfirmationTest" time="1.681"/>
</testsuite> <!-- price_verification_test -->
